<?xml version="1.0" encoding="utf-8"?><testsuites name="pytest tests"><testsuite name="pytest" errors="0" failures="0" skipped="0" tests="62" time="34.474" timestamp="2026-08-28T22:10:01.608477+05:30" hostname="Varshini"><testcase classname="tests.test_app_imports" name="test_dashboard_exports_analysis_renderer" time="0.001" /><testcase classname="tests.test_atomic_fact_debug" name="test_debug_report_includes_pipeline_sections" time="0.971" /><testcase classname="tests.test_atomic_fact_extractor" name="test_atomic_fact_extractor_creates_fact_records_with_entities" time="0.205" /><testcase classname="tests.test_atomic_fact_extractor" name="test_pipeline_matches_repeated_entities_and_marks_uncorroborated_ones" time="16.976" /><testcase classname="tests.test_atomic_fact_extractor" name="test_person_list_is_split_into_person_and_date_facts" time="0.397" /><testcase classname="tests.test_atomic_fact_extractor" name="test_atomic_facts_reject_fragments_and_merge_duplicate_variants" time="0.167" /><testcase classname="tests.test_atomic_fact_extractor" name="test_atomic_facts_are_capped_for_dashboard_presentation" time="1.272" /><testcase classname="tests.test_atomic_fact_extractor" name="test_coordination_preserves_objects_and_subjects" time="0.472" /><testcase classname="tests.test_atomic_fact_extractor" name="test_numbered_list_items_do_not_merge_into_malformed_facts" time="0.338" /><testcase classname="tests.test_atomic_fact_extractor" name="test_markdown_table_rows_do_not_become_table_fragments" time="0.136" /><testcase classname="tests.test_benchmark_runner" name="test_benchmark_verifies_supplied_responses_and_writes_required_outputs" time="0.040" /><testcase classname="tests.test_benchmark_runner" name="test_benchmark_continues_after_one_pipeline_failure" time="0.076" /><testcase classname="tests.test_comparative_runner" name="test_comparison_reuses_identical_sample_ids_and_writes_outputs" time="0.049" /><testcase classname="tests.test_entity_detection" name="test_entity_extraction_basic" time="0.017" /><testcase classname="tests.test_entity_detection" name="test_entity_extraction_filtering" time="0.012" /><testcase classname="tests.test_entity_detection" name="test_matcher_exact_match" time="0.001" /><testcase classname="tests.test_entity_detection" name="test_matcher_fuzzy_match" time="0.001" /><testcase classname="tests.test_entity_detection" name="test_matcher_hallucination_detection" time="0.001" /><testcase classname="tests.test_entity_detection" name="test_matcher_type_enforcement" time="0.001" /><testcase classname="tests.test_entity_detection" name="test_matcher_empty_cases" time="0.001" /><testcase classname="tests.test_env_utils" name="test_load_environment_uses_explicit_env_file_and_overrides_blank_value" time="0.009" /><testcase classname="tests.test_gemini_service" name="test_groq_provider_uses_requested_model_and_extracts_text" time="0.781" /><testcase classname="tests.test_gemini_service" name="test_groq_provider_reports_network_failure" time="0.711" /><testcase classname="tests.test_gtr_mode" name="test_paper_mode_selects_gtr_and_separate_paths" time="0.002" /><testcase classname="tests.test_gtr_mode" name="test_gtr_preflight_is_truthful_when_index_is_missing" time="0.002" /><testcase classname="tests.test_nli_verification" name="test_classifier_prioritizes_strong_support_over_contradiction" time="0.003" /><testcase classname="tests.test_nli_verification" name="test_classifier_marks_strong_contradiction_as_hallucination" time="0.002" /><testcase classname="tests.test_nli_verification" name="test_classifier_returns_neutral_when_evidence_is_insufficient" time="0.002" /><testcase classname="tests.test_nli_verification" name="test_verification_pipeline_preserves_fact_and_evidence" time="0.002" /><testcase classname="tests.test_nli_verification" name="test_nli_label_normalization_is_model_label_agnostic" time="0.001" /><testcase classname="tests.test_nli_verification" name="test_dashboard_severity_is_explicitly_heuristic" time="0.002" /><testcase classname="tests.test_paper_comparison" name="test_paper_preflight_reports_missing_optional_artifacts" time="0.008" /><testcase classname="tests.test_paper_modes" name="test_paper_aggregator_averages_evidence_probabilities" time="0.002" /><testcase classname="tests.test_paper_modes" name="test_selfcheck_requires_multiple_supplied_responses" time="0.001" /><testcase classname="tests.test_paper_modes" name="test_llm_judge_normalizes_label" time="0.002" /><testcase classname="tests.test_paper_modes" name="test_performance_summary_is_statistical" time="0.002" /><testcase classname="tests.test_paper_modes" name="test_paper_extractor_is_explicit_adapter" time="0.001" /><testcase classname="tests.test_phase_validation" name="test_llm_service_rejects_missing_key_and_empty_prompt" time="1.561" /><testcase classname="tests.test_phase_validation" name="test_llm_service_accepts_unicode_and_special_characters" time="0.815" /><testcase classname="tests.test_phase_validation" name="test_fact_extraction_edge_inputs_do_not_crash[]" time="0.002" /><testcase classname="tests.test_phase_validation" name="test_fact_extraction_edge_inputs_do_not_crash[   ]" time="0.001" /><testcase classname="tests.test_phase_validation" name="test_fact_extraction_edge_inputs_do_not_crash[... !!!]" time="0.027" /><testcase classname="tests.test_phase_validation" name="test_fact_extraction_edge_inputs_do_not_crash[\U0001f600 \U0001f600]" time="0.027" /><testcase classname="tests.test_phase_validation" name="test_fact_extraction_edge_inputs_do_not_crash[12345]" time="0.030" /><testcase classname="tests.test_phase_validation" name="test_fact_extraction_handles_bullets_dates_and_unicode" time="0.199" /><testcase classname="tests.test_phase_validation" name="test_entity_matcher_handles_case_labels_and_empty_inputs" time="0.001" /><testcase classname="tests.test_phase_validation" name="test_knowledge_base_validation_handles_invalid_inputs" time="0.012" /><testcase classname="tests.test_phase_validation" name="test_vector_store_persists_and_ranks_top_k" time="0.017" /><testcase classname="tests.test_phase_validation" name="test_vector_store_rejects_corrupt_metadata_and_index" time="0.016" /><testcase classname="tests.test_phase_validation" name="test_retriever_validates_empty_fact_and_wraps_store_error" time="0.006" /><testcase classname="tests.test_retriever" name="test_vector_store_rejects_mismatched_metadata" time="0.007" /><testcase classname="tests.test_retriever" name="test_vector_store_requires_loaded_index" time="0.006" /><testcase classname="tests.test_retriever" name="test_retriever_uses_wikipedia_only_when_local_evidence_is_weak" time="0.001" /><testcase classname="tests.test_retriever" name="test_retriever_keeps_local_evidence_when_similarity_is_strong" time="0.001" /><testcase classname="tests.test_retriever" name="test_retriever_falls_back_to_empty_evidence_when_wikipedia_times_out" time="0.002" /><testcase classname="tests.test_retriever" name="test_retrieve_many_deduplicates_identical_fact_queries" time="0.002" /><testcase classname="tests.test_retriever" name="test_paper_retrieval_mode_uses_separate_gtr_artifacts" time="0.001" /><testcase classname="tests.test_retriever" name="test_retrieval_mode_rejects_unknown_profile" time="0.003" /><testcase classname="tests.test_wikipedia_service" name="test_search_article_chunk_and_cache" time="0.004" /><testcase classname="tests.test_wikipedia_service" name="test_live_evidence_is_ranked_and_labeled" time="0.003" /><testcase classname="tests.test_wikipedia_service" name="test_normalized_query_and_ranking_cache_avoid_repeat_work" time="0.005" /><testcase classname="tests.test_wikipedia_service" name="test_invalid_response_is_safe" time="0.002" /></testsuite></testsuites>